<?xml version="1.0" encoding="UTF-8"?>
<!-- Generated by org.testng.reporters.JUnitReportReporter -->
<testsuite hostname="DESKTOP-KCFKTQ7" failures="0" tests="2" name="webPage.tests.Test_S_Dresses" time="17.773" errors="0" timestamp="2020-04-03T00:58:22 CEST" skipped="0">
  <testcase classname="webPage.tests.Test_S_Dresses" name="selectDress" time="13.467"/>
  <system-out/>
  <testcase classname="webPage.tests.Test_S_Dresses" name="cartCheck" time="4.306"/>
  <system-out/>
</testsuite> <!-- webPage.tests.Test_S_Dresses -->
