<?xml version="1.0" encoding="UTF-8"?>
<!-- Generated by org.testng.reporters.JUnitReportReporter -->
<testsuite hostname="DESKTOP-KCFKTQ7" failures="0" tests="1" name="webPage.tests.TestRegister" time="34.805" errors="0" timestamp="2020-04-02T22:20:27 CEST" skipped="0">
  <testcase classname="webPage.tests.TestRegister" name="createUsersFromExcel" time="34.805"/>
  <system-out/>
</testsuite> <!-- webPage.tests.TestRegister -->
