<?xml version="1.0" encoding="UTF-8"?>
<!-- Generated by org.testng.reporters.JUnitReportReporter -->
<testsuite hostname="DESKTOP-KCFKTQ7" failures="0" tests="3" name="webPage.tests.TestHome" time="23.325" errors="0" timestamp="2020-04-03T00:58:22 CEST" skipped="0">
  <testcase classname="webPage.tests.TestHome" name="getSummerDressesPage1" time="9.402"/>
  <system-out/>
  <testcase classname="webPage.tests.TestHome" name="getSummerDressesPage2" time="4.459"/>
  <system-out/>
  <testcase classname="webPage.tests.TestHome" name="compareLinks" time="9.464"/>
  <system-out/>
</testsuite> <!-- webPage.tests.TestHome -->
